[INFO] Scanning for projects...
[INFO] 
[INFO] ---------------------< com.jb:afrostyle-monolith >----------------------
[INFO] Building AfroStyle Monolith 1.0.0
[INFO]   from pom.xml
[INFO] --------------------------------[ jar ]---------------------------------
[INFO] 
[INFO] >>> spring-boot:3.4.7:run (default-cli) > test-compile @ afrostyle-monolith >>>
[INFO] 
[INFO] --- resources:3.3.1:resources (default-resources) @ afrostyle-monolith ---
[INFO] Copying 1 resource from src\main\resources to target\classes
[INFO] Copying 1 resource from src\main\resources to target\classes
[INFO] 
[INFO] --- compiler:3.13.0:compile (default-compile) @ afrostyle-monolith ---
[INFO] Nothing to compile - all classes are up to date.
[INFO] 
[INFO] --- resources:3.3.1:testResources (default-testResources) @ afrostyle-monolith ---
[INFO] skip non existing resourceDirectory C:\Users\jeanb\Desktop\AfroStyleMonolith\src\test\resources
[INFO] 
[INFO] --- compiler:3.13.0:testCompile (default-testCompile) @ afrostyle-monolith ---
[INFO] Nothing to compile - all classes are up to date.
[INFO] 
[INFO] <<< spring-boot:3.4.7:run (default-cli) < test-compile @ afrostyle-monolith <<<
[INFO] 
[INFO] 
[INFO] --- spring-boot:3.4.7:run (default-cli) @ afrostyle-monolith ---
[INFO] Attaching agents: []
Standard Commons Logging discovery in action with spring-jcl: please remove commons-logging.jar from classpath in order to avoid potential conflicts
Standard Commons Logging discovery in action with spring-jcl: please remove commons-logging.jar from classpath in order to avoid potential conflicts

  .   ____          _            __ _ _
 /\\ / ___'_ __ _ _(_)_ __  __ _ \ \ \ \
( ( )\___ | '_ | '_| | '_ \/ _` | \ \ \ \
 \\/  ___)| |_)| | | | | || (_| |  ) ) ) )
  '  |____| .__|_| |_|_| |_\__, | / / / /
 =========|_|==============|___/=/_/_/_/

 :: Spring Boot ::                (v3.4.7)

2025-07-23 22:43:50 - Starting AfroStyleMonolithApplication using Java 21.0.7 with PID 28544 (C:\Users\jeanb\Desktop\AfroStyleMonolith\target\classes started by jeanb in C:\Users\jeanb\Desktop\AfroStyleMonolith)
2025-07-23 22:43:50 - No active profile set, falling back to 1 default profile: "default"
2025-07-23 22:43:50 - Devtools property defaults active! Set 'spring.devtools.add-properties' to 'false' to disable
2025-07-23 22:43:50 - For additional web related logging consider setting the 'logging.level.web' property to 'DEBUG'
2025-07-23 22:43:50 - Multiple Spring Data modules found, entering strict repository configuration mode
2025-07-23 22:43:50 - Bootstrapping Spring Data JPA repositories in DEFAULT mode.
2025-07-23 22:43:51 - Finished Spring Data repository scanning in 95 ms. Found 11 JPA repository interfaces.
2025-07-23 22:43:51 - Tomcat initialized with port 7777 (http)
2025-07-23 22:43:51 - Starting service [Tomcat]
2025-07-23 22:43:51 - Starting Servlet engine: [Apache Tomcat/10.1.42]
2025-07-23 22:43:51 - Initializing Spring embedded WebApplicationContext
2025-07-23 22:43:51 - Root WebApplicationContext: initialization completed in 1665 ms
Standard Commons Logging discovery in action with spring-jcl: please remove commons-logging.jar from classpath in order to avoid potential conflicts
2025-07-23 22:43:51 - HHH000204: Processing PersistenceUnitInfo [name: default]
2025-07-23 22:43:51 - HHH000412: Hibernate ORM core version 6.6.18.Final
2025-07-23 22:43:52 - HHH000026: Second-level cache disabled
2025-07-23 22:43:52 - No LoadTimeWeaver setup: ignoring JPA class transformer
2025-07-23 22:43:52 - HikariPool-1 - Starting...
2025-07-23 22:43:52 - HikariPool-1 - Added connection com.mysql.cj.jdbc.ConnectionImpl@64dbd0ea
2025-07-23 22:43:52 - HikariPool-1 - Start completed.
2025-07-23 22:43:52 - HHH90000025: MySQLDialect does not need to be specified explicitly using 'hibernate.dialect' (remove the property setting and it will be selected by default)
2025-07-23 22:43:52 - HHH10001005: Database info:
	Database JDBC URL [Connecting through datasource 'HikariDataSource (HikariPool-1)']
	Database driver: undefined/unknown
	Database version: 8.0.42
	Autocommit mode: undefined/unknown
	Isolation level: undefined/unknown
	Minimum pool size: undefined/unknown
	Maximum pool size: undefined/unknown
2025-07-23 22:43:53 - HHH000489: No JTA platform available (set 'hibernate.transaction.jta.platform' to enable JTA platform integration)
2025-07-23 22:43:53 - Initialized JPA EntityManagerFactory for persistence unit 'default'
2025-07-23 22:43:53 - Global AuthenticationManager configured with an AuthenticationProvider bean. UserDetailsService beans will not be used by Spring Security for automatically configuring username/password login. Consider removing the AuthenticationProvider bean. Alternatively, consider using the UserDetailsService in a manually instantiated DaoAuthenticationProvider. If the current configuration is intentional, to turn off this warning, increase the logging level of 'org.springframework.security.config.annotation.authentication.configuration.InitializeUserDetailsBeanManagerConfigurer' to ERROR
2025-07-23 22:43:53 - 🔧 JsonUsernamePasswordAuthenticationFilter configuré pour: /api/auth/login
2025-07-23 22:43:53 - Hibernate is in classpath; If applicable, HQL parser will be used.
2025-07-23 22:43:54 - Default salon already exists
2025-07-23 22:43:54 - Google Calendar est désactivé
2025-07-23 22:43:54 - 🔧 STRIPE CONFIGURATION INITIALIZATION
2025-07-23 22:43:54 -    - Secret Key configured: ✅ YES
2025-07-23 22:43:54 -    - Publishable Key configured: ✅ YES
2025-07-23 22:43:54 - ✅ STRIPE API INITIALIZED SUCCESSFULLY!
2025-07-23 22:43:54 -    - API Key set in Stripe SDK
2025-07-23 22:43:54 -    - Publishable key status: CONFIGURED
2025-07-23 22:43:55 - 🔧 WebhookEventService initialized - Redis: DISABLED (using in-memory fallback)
2025-07-23 22:43:55 - spring.jpa.open-in-view is enabled by default. Therefore, database queries may be performed during view rendering. Explicitly configure spring.jpa.open-in-view to disable this warning
2025-07-23 22:43:56 - Exposing 3 endpoints beneath base path '/actuator'
2025-07-23 22:43:56 - Unable to start LiveReload server
2025-07-23 22:43:56 - Starting...
2025-07-23 22:43:56 - BrokerAvailabilityEvent[available=true, SimpleBrokerMessageHandler [org.springframework.messaging.simp.broker.DefaultSubscriptionRegistry@20cb9371]]
2025-07-23 22:43:56 - Started.
2025-07-23 22:43:56 - Stopping...
2025-07-23 22:43:56 - BrokerAvailabilityEvent[available=false, SimpleBrokerMessageHandler [org.springframework.messaging.simp.broker.DefaultSubscriptionRegistry@20cb9371]]
2025-07-23 22:43:56 - Stopped.
2025-07-23 22:43:56 - Exception encountered during context initialization - cancelling refresh attempt: org.springframework.context.ApplicationContextException: Failed to start bean 'webServerStartStop'
2025-07-23 22:43:56 - Closing JPA EntityManagerFactory for persistence unit 'default'
2025-07-23 22:43:56 - HikariPool-1 - Shutdown initiated...
2025-07-23 22:43:56 - HikariPool-1 - Shutdown completed.
2025-07-23 22:43:56 - 

Error starting ApplicationContext. To display the condition evaluation report re-run your application with 'debug' enabled.
2025-07-23 22:43:56 - 

***************************
APPLICATION FAILED TO START
***************************

Description:

Web server failed to start. Port 7777 was already in use.

Action:

Identify and stop the process that's listening on port 7777 or configure this application to listen on another port.

[INFO] ------------------------------------------------------------------------
[INFO] BUILD FAILURE
[INFO] ------------------------------------------------------------------------
[INFO] Total time:  19.316 s
[INFO] Finished at: 2025-07-23T22:43:58+02:00
[INFO] ------------------------------------------------------------------------
[ERROR] Failed to execute goal org.springframework.boot:spring-boot-maven-plugin:3.4.7:run (default-cli) on project afrostyle-monolith: Process terminated with exit code: 1 -> [Help 1]
[ERROR] 
[ERROR] To see the full stack trace of the errors, re-run Maven with the -e switch.
[ERROR] Re-run Maven using the -X switch to enable full debug logging.
[ERROR] 
[ERROR] For more information about the errors and possible solutions, please read the following articles:
[ERROR] [Help 1] http://cwiki.apache.org/confluence/display/MAVEN/MojoExecutionException
